2026-06-16 14:28:11  ===== Inicio =====
2026-06-16 14:28:11  Descargando Henry Hub (EIA)...
2026-06-16 14:28:12  Descargando S&P 500 (FRED:SP500)...
2026-06-16 14:28:12  Descargando WTI ($/bbl) (FRED:DCOILWTICO)...
2026-06-16 14:28:12  Descargando Brent ($/bbl) (FRED:DCOILBRENTEU)...
2026-06-16 14:28:12  Descargando EUR por USD (FRED:DEXUSEU)...
2026-06-16 14:28:13  Descargando JPY por USD (FRED:DEXJPUS)...
2026-06-16 14:28:13  Descargando CNY por USD (FRED:DEXCHUS)...
2026-06-16 14:28:13  Descargando GBP por USD (FRED:DEXUSUK)...
2026-06-16 14:28:13  Descargando MXN por USD (FRED:DEXMXUS)...
2026-06-16 14:28:13  Descargando CAD por USD (FRED:DEXCAUS)...
2026-06-16 14:28:14  Descargando CHF por USD (FRED:DEXSZUS)...
2026-06-16 14:28:14  Descargando AUD por USD (FRED:DEXUSAL)...
2026-06-16 14:28:14  Descargando INR por USD (FRED:DEXINUS)...
2026-06-16 14:28:14  Descargando KRW por USD (FRED:DEXKOUS)...
2026-06-16 14:28:15  Descargando inflación (FRED:CPIAUCSL)...
2026-06-16 14:28:20  Henry Hub más reciente: $3.10/MMBtu (2026-06-08)
2026-06-16 14:28:20  Inflación YoY más reciente: 4.2% (2026-05-01)
2026-06-16 14:28:20  Excel guardado en: /home/runner/work/Indicators/Indicators/resultados/mercados_reciente.xlsx
2026-06-16 14:28:20  ===== Fin OK =====
2026-06-16 15:15:00  ===== Inicio =====
2026-06-16 15:15:00  Descargando Henry Hub (EIA)...
2026-06-16 15:15:00  Descargando S&P 500 (FRED:SP500)...
2026-06-16 15:15:02  Descargando WTI ($/bbl) (FRED:DCOILWTICO)...
2026-06-16 15:15:04  Descargando Brent ($/bbl) (FRED:DCOILBRENTEU)...
2026-06-16 15:15:05  Descargando divisas (Frankfurter/BCE)...
2026-06-16 15:15:37  Descargando inflación (FRED:CPIAUCSL)...
2026-06-16 15:15:40  Henry Hub más reciente: $3.10/MMBtu (2026-06-08)
2026-06-16 15:15:40  Peso más reciente: 17.2074 MXN/USD (2026-06-16)
2026-06-16 15:15:40  Inflación YoY más reciente: 4.2% (2026-05-01)
2026-06-16 15:15:40  Excel guardado en: /home/runner/work/Indicators/Indicators/resultados/mercados_reciente.xlsx
2026-06-16 15:15:40  ===== Fin OK =====
2026-06-16 15:27:14  ===== Inicio =====
2026-06-16 15:27:14  Descargando Henry Hub (EIA)...
2026-06-16 15:27:15  Descargando S&P 500 (FRED:SP500)...
2026-06-16 15:27:15  Descargando WTI ($/bbl) (FRED:DCOILWTICO)...
2026-06-16 15:27:16  Descargando Brent ($/bbl) (FRED:DCOILBRENTEU)...
2026-06-16 15:27:16  Descargando divisas (Frankfurter/BCE)...
2026-06-16 15:27:46  Descargando inflación (FRED:CPIAUCSL)...
2026-06-16 15:27:57  Henry Hub más reciente: $3.10/MMBtu (2026-06-08)
2026-06-16 15:27:57  Peso más reciente: 17.2074 MXN/USD (2026-06-16)
2026-06-16 15:27:57  Inflación YoY más reciente: 4.2% (2026-05-01)
2026-06-16 15:27:57  Excel guardado en: /home/runner/work/Indicators/Indicators/resultados/mercados_reciente.xlsx
2026-06-16 15:27:57  ===== Fin OK =====
2026-06-16 16:09:32  ===== Inicio =====
2026-06-16 16:09:32  Descargando Henry Hub (EIA)...
2026-06-16 16:09:34  Descargando S&P 500 (FRED:SP500)...
2026-06-16 16:09:35  Descargando WTI ($/bbl) (FRED:DCOILWTICO)...
2026-06-16 16:09:35  Descargando Brent ($/bbl) (FRED:DCOILBRENTEU)...
2026-06-16 16:09:36  Descargando divisas (Frankfurter/BCE)...
2026-06-16 16:10:07  Descargando inflación (FRED:CPIAUCSL)...
2026-06-16 16:10:18  Henry Hub más reciente: $3.10/MMBtu (2026-06-08)
2026-06-16 16:10:18  Peso más reciente: 17.2074 MXN/USD (2026-06-16)
2026-06-16 16:10:18  Inflación YoY más reciente: 4.2% (2026-05-01)
2026-06-16 16:10:18  Excel guardado en: /home/runner/work/Indicators/Indicators/resultados/mercados_reciente.xlsx
2026-06-16 16:10:18  ===== Fin OK =====
2026-06-16 16:29:34  ===== Inicio =====
2026-06-16 16:29:34  Descargando Henry Hub (EIA)...
2026-06-16 16:29:35  Descargando S&P 500 (FRED:SP500)...
2026-06-16 16:29:35  Descargando WTI ($/bbl) (FRED:DCOILWTICO)...
2026-06-16 16:29:36  Descargando Brent ($/bbl) (FRED:DCOILBRENTEU)...
2026-06-16 16:29:36  Descargando divisas (Frankfurter/BCE)...
2026-06-16 16:30:07  Descargando inflación (FRED:CPIAUCSL)...
2026-06-16 16:30:22  Henry Hub más reciente: $3.10/MMBtu (2026-06-08)
2026-06-16 16:30:22  Peso más reciente: 17.2069 MXN/USD (2026-06-16)
2026-06-16 16:30:22  Inflación YoY más reciente: 4.2% (2026-05-01)
2026-06-16 16:30:22  Excel guardado en: /home/runner/work/Indicators/Indicators/resultados/mercados_reciente.xlsx
2026-06-16 16:30:22  ===== Fin OK =====
2026-06-16 18:17:04  ===== Inicio =====
2026-06-16 18:17:04  Descargando Henry Hub (EIA)...
2026-06-16 18:17:05  Descargando S&P 500 (FRED:SP500)...
2026-06-16 18:17:05  Descargando WTI ($/bbl) (FRED:DCOILWTICO)...
2026-06-16 18:17:06  Descargando Brent ($/bbl) (FRED:DCOILBRENTEU)...
2026-06-16 18:17:06  Descargando divisas (Frankfurter/BCE)...
2026-06-16 18:17:36  Descargando inflación (FRED:CPIAUCSL)...
2026-06-16 18:17:47  Henry Hub más reciente: $3.10/MMBtu (2026-06-08)
2026-06-16 18:17:47  Peso más reciente: 17.2069 MXN/USD (2026-06-16)
2026-06-16 18:17:47  Inflación YoY más reciente: 4.2% (2026-05-01)
2026-06-16 18:17:47  Excel guardado en: /home/runner/work/Indicators/Indicators/resultados/mercados_reciente.xlsx
2026-06-16 18:17:47  ===== Fin OK =====
2026-06-16 18:56:16  ===== Inicio =====
2026-06-16 18:56:16  Descargando Henry Hub (EIA)...
2026-06-16 18:56:17  Descargando S&P 500 (FRED:SP500)...
2026-06-16 18:56:17  Descargando WTI ($/bbl) (FRED:DCOILWTICO)...
2026-06-16 18:56:18  Descargando Brent ($/bbl) (FRED:DCOILBRENTEU)...
2026-06-16 18:56:18  Descargando divisas (Frankfurter/BCE)...
2026-06-16 18:56:48  Descargando indicadores macro (FRED)...
2026-06-16 18:56:48  Descargando desempleo (FRED:UNRATE)...
2026-06-16 18:56:49  Descargando PIB (FRED:A191RL1Q225SBEA)...
2026-06-16 18:57:00  Henry Hub más reciente: $3.10/MMBtu (2026-06-08)
2026-06-16 18:57:00  Peso más reciente: 17.2069 MXN/USD (2026-06-16)
2026-06-16 18:57:00  Inflación YoY más reciente: 4.2% (2026-05-01)
2026-06-16 18:57:00  Excel guardado en: /home/runner/work/Indicators/Indicators/resultados/mercados_reciente.xlsx
2026-06-16 18:57:00  ===== Fin OK =====
2026-06-16 19:10:20  ===== Inicio =====
2026-06-16 19:10:20  Descargando Henry Hub (EIA)...
2026-06-16 19:10:21  Descargando S&P 500 (FRED:SP500)...
2026-06-16 19:10:21  Descargando WTI ($/bbl) (FRED:DCOILWTICO)...
2026-06-16 19:10:22  Descargando Brent ($/bbl) (FRED:DCOILBRENTEU)...
2026-06-16 19:10:22  Descargando divisas (Frankfurter/BCE)...
2026-06-16 19:10:52  Descargando indicadores macro (FRED)...
2026-06-16 19:10:52  Descargando desempleo (FRED:UNRATE)...
2026-06-16 19:10:53  Descargando PIB (FRED:A191RL1Q225SBEA)...
2026-06-16 19:11:06  Henry Hub más reciente: $3.10/MMBtu (2026-06-08)
2026-06-16 19:11:06  Peso más reciente: 17.2069 MXN/USD (2026-06-16)
2026-06-16 19:11:06  Inflación YoY más reciente: 4.2% (2026-05-01)
2026-06-16 19:11:06  Excel guardado en: /home/runner/work/Indicators/Indicators/resultados/mercados_reciente.xlsx
2026-06-16 19:11:06  ===== Fin OK =====
2026-06-16 19:48:22  ===== Inicio =====
2026-06-16 19:48:22  Descargando Henry Hub (EIA)...
2026-06-16 19:48:23  Descargando S&P 500 (FRED:SP500)...
2026-06-16 19:48:24  Descargando WTI ($/bbl) (FRED:DCOILWTICO)...
2026-06-16 19:48:24  Descargando Brent ($/bbl) (FRED:DCOILBRENTEU)...
2026-06-16 19:48:25  Descargando divisas (Frankfurter/BCE)...
2026-06-16 19:48:56    Saneando Henry Hub ($/MMBtu): 2 valor(es) fuera de [0.5, 25.0] -> vacío
2026-06-16 19:48:56  Descargando indicadores macro (FRED)...
2026-06-16 19:48:57  Descargando desempleo (FRED:UNRATE)...
2026-06-16 19:48:57  Descargando PIB (FRED:A191RL1Q225SBEA)...
2026-06-16 19:49:10  Henry Hub más reciente: $3.10/MMBtu (2026-06-08)
2026-06-16 19:49:10  Peso más reciente: 17.2069 MXN/USD (2026-06-16)
2026-06-16 19:49:10  Inflación YoY más reciente: 4.2% (2026-05-01)
2026-06-16 19:49:10  Excel guardado en: /home/runner/work/Indicators/Indicators/resultados/mercados_reciente.xlsx
2026-06-16 19:49:10  ===== Fin OK =====
2026-06-16 22:02:45  ===== Inicio =====
2026-06-16 22:02:45  Descargando Henry Hub (EIA)...
2026-06-16 22:02:46  Descargando S&P 500 (FRED:SP500)...
2026-06-16 22:02:46  Descargando WTI ($/bbl) (FRED:DCOILWTICO)...
2026-06-16 22:02:46  Descargando Brent ($/bbl) (FRED:DCOILBRENTEU)...
2026-06-16 22:02:46  Descargando divisas (Frankfurter/BCE)...
2026-06-16 22:03:17    Saneando Henry Hub ($/MMBtu): 2 valor(es) fuera de [0.5, 25.0] -> vacío
2026-06-16 22:03:17  Descargando indicadores macro (FRED)...
2026-06-16 22:03:17  Descargando desempleo (FRED:UNRATE)...
2026-06-16 22:03:17  Descargando PIB (FRED:A191RL1Q225SBEA)...
2026-06-16 22:03:30  Henry Hub más reciente: $3.10/MMBtu (2026-06-08)
2026-06-16 22:03:30  Peso más reciente: 17.2073 MXN/USD (2026-06-16)
2026-06-16 22:03:30  Inflación YoY más reciente: 4.2% (2026-05-01)
2026-06-16 22:03:30  Excel guardado en: /home/runner/work/Indicators/Indicators/resultados/mercados_reciente.xlsx
2026-06-16 22:03:30  ===== Fin OK =====
2026-06-17 14:23:58  ===== Inicio =====
2026-06-17 14:23:58  Descargando Henry Hub (EIA)...
2026-06-17 14:23:59  Descargando S&P 500 (FRED:SP500)...
2026-06-17 14:23:59  Descargando WTI ($/bbl) (FRED:DCOILWTICO)...
2026-06-17 14:23:59  Descargando Brent ($/bbl) (FRED:DCOILBRENTEU)...
2026-06-17 14:24:00  Descargando divisas (Frankfurter/BCE)...
2026-06-17 14:24:34    Saneando Henry Hub ($/MMBtu): 2 valor(es) fuera de [0.5, 25.0] -> vacío
2026-06-17 14:24:34  Descargando indicadores macro (FRED)...
2026-06-17 14:24:34  Descargando desempleo (FRED:UNRATE)...
2026-06-17 14:24:35  Descargando PIB (FRED:A191RL1Q225SBEA)...
2026-06-17 14:24:46  Henry Hub más reciente: $3.10/MMBtu (2026-06-08)
2026-06-17 14:24:46  Peso más reciente: 17.2086 MXN/USD (2026-06-17)
2026-06-17 14:24:46  Inflación YoY más reciente: 4.2% (2026-05-01)
2026-06-17 14:24:46  Excel guardado en: /home/runner/work/Indicators/Indicators/resultados/mercados_reciente.xlsx
2026-06-17 14:24:46  ===== Fin OK =====
2026-06-17 18:45:59  ===== Inicio =====
2026-06-17 18:45:59  Descargando Henry Hub (EIA)...
2026-06-17 18:45:59  Descargando S&P 500 (FRED:SP500)...
2026-06-17 18:46:01  Descargando WTI ($/bbl) (FRED:DCOILWTICO)...
2026-06-17 18:46:02  Descargando Brent ($/bbl) (FRED:DCOILBRENTEU)...
2026-06-17 18:46:02  Descargando divisas (Frankfurter/BCE)...
2026-06-17 18:46:44    Saneando Henry Hub ($/MMBtu): 2 valor(es) fuera de [0.5, 25.0] -> vacío
2026-06-17 18:46:44  Descargando indicadores macro (FRED)...
2026-06-17 18:46:45  Descargando desempleo (FRED:UNRATE)...
2026-06-17 18:46:45  Descargando PIB (FRED:A191RL1Q225SBEA)...
2026-06-17 18:46:58  Henry Hub más reciente: $3.06/MMBtu (2026-06-15)
2026-06-17 18:46:58  Peso más reciente: 17.2083 MXN/USD (2026-06-17)
2026-06-17 18:46:58  Inflación YoY más reciente: 4.2% (2026-05-01)
2026-06-17 18:46:58  Excel guardado en: /home/runner/work/Indicators/Indicators/resultados/mercados_reciente.xlsx
2026-06-17 18:46:58  ===== Fin OK =====
2026-06-18 20:41:06  ===== Inicio =====
2026-06-18 20:41:06  Descargando Henry Hub (EIA)...
2026-06-18 20:41:07  Descargando S&P 500 (FRED:SP500)...
2026-06-18 20:41:07  Descargando WTI ($/bbl) (FRED:DCOILWTICO)...
2026-06-18 20:41:07  Descargando Brent ($/bbl) (FRED:DCOILBRENTEU)...
2026-06-18 20:41:07  Descargando divisas (Frankfurter/BCE)...
2026-06-18 20:41:38    Saneando Henry Hub ($/MMBtu): 2 valor(es) fuera de [0.5, 25.0] -> vacío
2026-06-18 20:41:38  Descargando indicadores macro (FRED)...
2026-06-18 20:41:38  Descargando desempleo (FRED:UNRATE)...
2026-06-18 20:41:38  Descargando PIB (FRED:A191RL1Q225SBEA)...
2026-06-18 20:41:38  Descargando acereras (Stooq)...
2026-06-18 20:41:38  Descargando ArcelorMittal (MT.US) [mundial]...
2026-06-18 20:41:39  Descargando Nippon Steel (5401.JP) [mundial]...
2026-06-18 20:41:40  Descargando POSCO (PKX.US) [mundial]...
2026-06-18 20:41:40  Descargando Ternium (TX.US) [mundial]...
2026-06-18 20:41:41  Descargando Gerdau (GGB.US) [mundial]...
2026-06-18 20:41:42  Descargando thyssenkrupp (TKA.DE) [mundial]...
2026-06-18 20:41:42  Descargando Tata Steel (TATASTEEL.IN) [mundial]...
2026-06-18 20:41:43  Descargando JSW Steel (JSWSTEEL.IN) [mundial]...
2026-06-18 20:41:44  Descargando SSAB (SSAB-B.SE) [mundial]...
2026-06-18 20:41:44  Descargando Nucor (NUE.US) [EE.UU.]...
2026-06-18 20:41:45  Descargando Steel Dynamics (STLD.US) [EE.UU.]...
2026-06-18 20:41:46  Descargando Cleveland-Cliffs (CLF.US) [EE.UU.]...
2026-06-18 20:41:46  Descargando U.S. Steel (X.US) [EE.UU.]...
2026-06-18 20:41:47  Descargando Commercial Metals (CMC.US) [EE.UU.]...
2026-06-18 20:41:47  Descargando Reliance (RS.US) [EE.UU.]...
2026-06-18 20:41:48  Descargando Worthington (WOR.US) [EE.UU.]...
2026-06-18 20:41:48  Descargando ATI (ATI.US) [EE.UU.]...
2026-06-18 20:41:49  Descargando Carpenter Technology (CRS.US) [EE.UU.]...
2026-06-18 20:41:50  Descargando Olympic Steel (ZEUS.US) [EE.UU.]...
2026-06-18 20:41:50    Aviso: faltan datos de acereras en algún grupo; se omite la sección.
2026-06-18 20:42:03  Henry Hub más reciente: $3.06/MMBtu (2026-06-15)
2026-06-18 20:42:03  Peso más reciente: 17.3145 MXN/USD (2026-06-18)
2026-06-18 20:42:03  Inflación YoY más reciente: 4.2% (2026-05-01)
2026-06-18 20:42:03  Excel guardado en: /home/runner/work/Indicators/Indicators/resultados/mercados_reciente.xlsx
2026-06-18 20:42:03  ===== Fin OK =====
2026-06-18 23:05:25  ===== Inicio =====
2026-06-18 23:05:25  Descargando Henry Hub (EIA)...
2026-06-18 23:05:26  Descargando S&P 500 (FRED:SP500)...
2026-06-18 23:05:27  Descargando WTI ($/bbl) (FRED:DCOILWTICO)...
2026-06-18 23:05:27  Descargando Brent ($/bbl) (FRED:DCOILBRENTEU)...
2026-06-18 23:05:27  Descargando divisas (Frankfurter/BCE)...
2026-06-18 23:05:56    Saneando Henry Hub ($/MMBtu): 2 valor(es) fuera de [0.5, 25.0] -> vacío
2026-06-18 23:05:56  Descargando indicadores macro (FRED)...
2026-06-18 23:05:57  Descargando desempleo (FRED:UNRATE)...
2026-06-18 23:05:57  Descargando PIB (FRED:A191RL1Q225SBEA)...
2026-06-18 23:05:57  Descargando acereras (Stooq)...
2026-06-18 23:05:57  Descargando ArcelorMittal (MT.US) [mundial]...
2026-06-18 23:05:58  Descargando Nippon Steel (5401.JP) [mundial]...
2026-06-18 23:05:58  Descargando POSCO (PKX.US) [mundial]...
2026-06-18 23:05:59  Descargando Ternium (TX.US) [mundial]...
2026-06-18 23:05:59  Descargando Gerdau (GGB.US) [mundial]...
2026-06-18 23:06:00  Descargando thyssenkrupp (TKA.DE) [mundial]...
2026-06-18 23:06:00  Descargando Tata Steel (TATASTEEL.IN) [mundial]...
2026-06-18 23:06:01  Descargando JSW Steel (JSWSTEEL.IN) [mundial]...
2026-06-18 23:06:01  Descargando SSAB (SSAB-B.SE) [mundial]...
2026-06-18 23:06:02  Descargando Nucor (NUE.US) [EE.UU.]...
2026-06-18 23:06:02  Descargando Steel Dynamics (STLD.US) [EE.UU.]...
2026-06-18 23:06:03  Descargando Cleveland-Cliffs (CLF.US) [EE.UU.]...
2026-06-18 23:06:03  Descargando U.S. Steel (X.US) [EE.UU.]...
2026-06-18 23:06:03  Descargando Commercial Metals (CMC.US) [EE.UU.]...
2026-06-18 23:06:04  Descargando Reliance (RS.US) [EE.UU.]...
2026-06-18 23:06:05  Descargando Worthington (WOR.US) [EE.UU.]...
2026-06-18 23:06:05  Descargando ATI (ATI.US) [EE.UU.]...
2026-06-18 23:06:05  Descargando Carpenter Technology (CRS.US) [EE.UU.]...
2026-06-18 23:06:06  Descargando Olympic Steel (ZEUS.US) [EE.UU.]...
2026-06-18 23:06:06    Aviso: faltan datos de acereras en algún grupo; se omite la sección.
2026-06-18 23:06:18  Henry Hub más reciente: $3.06/MMBtu (2026-06-15)
2026-06-18 23:06:18  Peso más reciente: 17.3145 MXN/USD (2026-06-18)
2026-06-18 23:06:18  Inflación YoY más reciente: 4.2% (2026-05-01)
2026-06-18 23:06:18  Excel guardado en: /home/runner/work/Indicators/Indicators/resultados/mercados_reciente.xlsx
2026-06-18 23:06:18  ===== Fin OK =====
2026-06-19 13:40:36  ===== Inicio =====
2026-06-19 13:40:36  Descargando Henry Hub (EIA)...
2026-06-19 13:40:37  Descargando S&P 500 (FRED:SP500)...
2026-06-19 13:40:37  Descargando WTI ($/bbl) (FRED:DCOILWTICO)...
2026-06-19 13:40:37  Descargando Brent ($/bbl) (FRED:DCOILBRENTEU)...
2026-06-19 13:40:37  Descargando divisas (Frankfurter/BCE)...
2026-06-19 13:41:08    Saneando Henry Hub ($/MMBtu): 2 valor(es) fuera de [0.5, 25.0] -> vacío
2026-06-19 13:41:08  Descargando indicadores macro (FRED)...
2026-06-19 13:41:09  Descargando desempleo (FRED:UNRATE)...
2026-06-19 13:41:09  Descargando PIB (FRED:A191RL1Q225SBEA)...
2026-06-19 13:41:09  Descargando acereras (Stooq)...
2026-06-19 13:41:09  Descargando ArcelorMittal (MT.US) [mundial]...
2026-06-19 13:41:10    Stooq MT.US: BLOQUEO/HTML (status 200) -> '<!DOCTYPE html><html><head><meta charset="utf-8"><meta name='
2026-06-19 13:41:12    Stooq MT.US: BLOQUEO/HTML (status 200) -> '<!DOCTYPE html><html><head><meta charset="utf-8"><meta name='
2026-06-19 13:41:15    Stooq MT.US: BLOQUEO/HTML (status 200) -> '<!DOCTYPE html><html><head><meta charset="utf-8"><meta name='
2026-06-19 13:41:20  Descargando Nippon Steel (5401.JP) [mundial]...
2026-06-19 13:41:20    Stooq 5401.JP: BLOQUEO/HTML (status 200) -> '<!DOCTYPE html><html><head><meta charset="utf-8"><meta name='
2026-06-19 13:41:22    Stooq 5401.JP: BLOQUEO/HTML (status 200) -> '<!DOCTYPE html><html><head><meta charset="utf-8"><meta name='
2026-06-19 13:41:25    Stooq 5401.JP: BLOQUEO/HTML (status 200) -> '<!DOCTYPE html><html><head><meta charset="utf-8"><meta name='
2026-06-19 13:41:30  Descargando POSCO (PKX.US) [mundial]...
2026-06-19 13:41:31    Stooq PKX.US: BLOQUEO/HTML (status 200) -> '<!DOCTYPE html><html><head><meta charset="utf-8"><meta name='
2026-06-19 13:41:32    Stooq PKX.US: BLOQUEO/HTML (status 200) -> '<!DOCTYPE html><html><head><meta charset="utf-8"><meta name='
2026-06-19 13:41:36    Stooq PKX.US: BLOQUEO/HTML (status 200) -> '<!DOCTYPE html><html><head><meta charset="utf-8"><meta name='
2026-06-19 13:41:40  Descargando Ternium (TX.US) [mundial]...
2026-06-19 13:41:41    Stooq TX.US: BLOQUEO/HTML (status 200) -> '<!DOCTYPE html><html><head><meta charset="utf-8"><meta name='
2026-06-19 13:41:43    Stooq TX.US: BLOQUEO/HTML (status 200) -> '<!DOCTYPE html><html><head><meta charset="utf-8"><meta name='
2026-06-19 13:41:46    Stooq TX.US: BLOQUEO/HTML (status 200) -> '<!DOCTYPE html><html><head><meta charset="utf-8"><meta name='
2026-06-19 13:41:51  Descargando Gerdau (GGB.US) [mundial]...
2026-06-19 13:41:51    Stooq GGB.US: BLOQUEO/HTML (status 200) -> '<!DOCTYPE html><html><head><meta charset="utf-8"><meta name='
2026-06-19 13:41:53    Stooq GGB.US: BLOQUEO/HTML (status 200) -> '<!DOCTYPE html><html><head><meta charset="utf-8"><meta name='
2026-06-19 13:41:57    Stooq GGB.US: BLOQUEO/HTML (status 200) -> '<!DOCTYPE html><html><head><meta charset="utf-8"><meta name='
2026-06-19 13:42:01  Descargando thyssenkrupp (TKA.DE) [mundial]...
2026-06-19 13:42:02    Stooq TKA.DE: BLOQUEO/HTML (status 200) -> '<!DOCTYPE html><html><head><meta charset="utf-8"><meta name='
2026-06-19 13:42:03    Stooq TKA.DE: BLOQUEO/HTML (status 200) -> '<!DOCTYPE html><html><head><meta charset="utf-8"><meta name='
2026-06-19 13:42:07    Stooq TKA.DE: BLOQUEO/HTML (status 200) -> '<!DOCTYPE html><html><head><meta charset="utf-8"><meta name='
2026-06-19 13:42:11  Descargando Tata Steel (TATASTEEL.IN) [mundial]...
2026-06-19 13:42:12    Stooq TATASTEEL.IN: BLOQUEO/HTML (status 200) -> '<!DOCTYPE html><html><head><meta charset="utf-8"><meta name='
2026-06-19 13:42:14    Stooq TATASTEEL.IN: BLOQUEO/HTML (status 200) -> '<!DOCTYPE html><html><head><meta charset="utf-8"><meta name='
2026-06-19 13:42:17    Stooq TATASTEEL.IN: BLOQUEO/HTML (status 200) -> '<!DOCTYPE html><html><head><meta charset="utf-8"><meta name='
2026-06-19 13:42:21  Descargando JSW Steel (JSWSTEEL.IN) [mundial]...
2026-06-19 13:42:22    Stooq JSWSTEEL.IN: BLOQUEO/HTML (status 200) -> '<!DOCTYPE html><html><head><meta charset="utf-8"><meta name='
2026-06-19 13:42:24    Stooq JSWSTEEL.IN: BLOQUEO/HTML (status 200) -> '<!DOCTYPE html><html><head><meta charset="utf-8"><meta name='
2026-06-19 13:42:27    Stooq JSWSTEEL.IN: BLOQUEO/HTML (status 200) -> '<!DOCTYPE html><html><head><meta charset="utf-8"><meta name='
2026-06-19 13:42:32  Descargando SSAB (SSAB-B.SE) [mundial]...
2026-06-19 13:42:32    Stooq SSAB-B.SE: BLOQUEO/HTML (status 200) -> '<!DOCTYPE html><html><head><meta charset="utf-8"><meta name='
2026-06-19 13:42:34    Stooq SSAB-B.SE: BLOQUEO/HTML (status 200) -> '<!DOCTYPE html><html><head><meta charset="utf-8"><meta name='
2026-06-19 13:42:37    Stooq SSAB-B.SE: BLOQUEO/HTML (status 200) -> '<!DOCTYPE html><html><head><meta charset="utf-8"><meta name='
2026-06-19 13:42:42  Descargando Nucor (NUE.US) [EE.UU.]...
2026-06-19 13:42:42    Stooq NUE.US: BLOQUEO/HTML (status 200) -> '<!DOCTYPE html><html><head><meta charset="utf-8"><meta name='
2026-06-19 13:42:44    Stooq NUE.US: BLOQUEO/HTML (status 200) -> '<!DOCTYPE html><html><head><meta charset="utf-8"><meta name='
2026-06-19 13:42:48    Stooq NUE.US: BLOQUEO/HTML (status 200) -> '<!DOCTYPE html><html><head><meta charset="utf-8"><meta name='
2026-06-19 13:42:52  Descargando Steel Dynamics (STLD.US) [EE.UU.]...
2026-06-19 13:42:53    Stooq STLD.US: BLOQUEO/HTML (status 200) -> '<!DOCTYPE html><html><head><meta charset="utf-8"><meta name='
2026-06-19 13:42:55    Stooq STLD.US: BLOQUEO/HTML (status 200) -> '<!DOCTYPE html><html><head><meta charset="utf-8"><meta name='
2026-06-19 13:42:58    Stooq STLD.US: BLOQUEO/HTML (status 200) -> '<!DOCTYPE html><html><head><meta charset="utf-8"><meta name='
2026-06-19 13:43:03  Descargando Cleveland-Cliffs (CLF.US) [EE.UU.]...
2026-06-19 13:43:03    Stooq CLF.US: BLOQUEO/HTML (status 200) -> '<!DOCTYPE html><html><head><meta charset="utf-8"><meta name='
2026-06-19 13:43:05    Stooq CLF.US: BLOQUEO/HTML (status 200) -> '<!DOCTYPE html><html><head><meta charset="utf-8"><meta name='
2026-06-19 13:43:08    Stooq CLF.US: BLOQUEO/HTML (status 200) -> '<!DOCTYPE html><html><head><meta charset="utf-8"><meta name='
2026-06-19 13:43:13  Descargando U.S. Steel (X.US) [EE.UU.]...
2026-06-19 13:43:13    Stooq X.US: BLOQUEO/HTML (status 200) -> '<!DOCTYPE html><html><head><meta charset="utf-8"><meta name='
2026-06-19 13:43:15    Stooq X.US: BLOQUEO/HTML (status 200) -> '<!DOCTYPE html><html><head><meta charset="utf-8"><meta name='
2026-06-19 13:43:18    Stooq X.US: BLOQUEO/HTML (status 200) -> '<!DOCTYPE html><html><head><meta charset="utf-8"><meta name='
2026-06-19 13:43:23  Descargando Commercial Metals (CMC.US) [EE.UU.]...
2026-06-19 13:43:23    Stooq CMC.US: BLOQUEO/HTML (status 200) -> '<!DOCTYPE html><html><head><meta charset="utf-8"><meta name='
2026-06-19 13:43:25    Stooq CMC.US: BLOQUEO/HTML (status 200) -> '<!DOCTYPE html><html><head><meta charset="utf-8"><meta name='
2026-06-19 13:43:28    Stooq CMC.US: BLOQUEO/HTML (status 200) -> '<!DOCTYPE html><html><head><meta charset="utf-8"><meta name='
2026-06-19 13:43:33  Descargando Reliance (RS.US) [EE.UU.]...
2026-06-19 13:43:33    Stooq RS.US: BLOQUEO/HTML (status 200) -> '<!DOCTYPE html><html><head><meta charset="utf-8"><meta name='
2026-06-19 13:43:35    Stooq RS.US: BLOQUEO/HTML (status 200) -> '<!DOCTYPE html><html><head><meta charset="utf-8"><meta name='
2026-06-19 13:43:38    Stooq RS.US: BLOQUEO/HTML (status 200) -> '<!DOCTYPE html><html><head><meta charset="utf-8"><meta name='
2026-06-19 13:43:43  Descargando Worthington (WOR.US) [EE.UU.]...
2026-06-19 13:43:43    Stooq WOR.US: BLOQUEO/HTML (status 200) -> '<!DOCTYPE html><html><head><meta charset="utf-8"><meta name='
2026-06-19 13:43:45    Stooq WOR.US: BLOQUEO/HTML (status 200) -> '<!DOCTYPE html><html><head><meta charset="utf-8"><meta name='
2026-06-19 13:43:49    Stooq WOR.US: BLOQUEO/HTML (status 200) -> '<!DOCTYPE html><html><head><meta charset="utf-8"><meta name='
2026-06-19 13:43:53  Descargando ATI (ATI.US) [EE.UU.]...
2026-06-19 13:43:54    Stooq ATI.US: BLOQUEO/HTML (status 200) -> '<!DOCTYPE html><html><head><meta charset="utf-8"><meta name='
2026-06-19 13:43:55    Stooq ATI.US: BLOQUEO/HTML (status 200) -> '<!DOCTYPE html><html><head><meta charset="utf-8"><meta name='
2026-06-19 13:43:59    Stooq ATI.US: BLOQUEO/HTML (status 200) -> '<!DOCTYPE html><html><head><meta charset="utf-8"><meta name='
2026-06-19 13:44:03  Descargando Carpenter Technology (CRS.US) [EE.UU.]...
2026-06-19 13:44:04    Stooq CRS.US: BLOQUEO/HTML (status 200) -> '<!DOCTYPE html><html><head><meta charset="utf-8"><meta name='
2026-06-19 13:44:05    Stooq CRS.US: BLOQUEO/HTML (status 200) -> '<!DOCTYPE html><html><head><meta charset="utf-8"><meta name='
2026-06-19 13:44:09    Stooq CRS.US: BLOQUEO/HTML (status 200) -> '<!DOCTYPE html><html><head><meta charset="utf-8"><meta name='
2026-06-19 13:44:13  Descargando Olympic Steel (ZEUS.US) [EE.UU.]...
2026-06-19 13:44:14    Stooq ZEUS.US: BLOQUEO/HTML (status 200) -> '<!DOCTYPE html><html><head><meta charset="utf-8"><meta name='
2026-06-19 13:44:16    Stooq ZEUS.US: BLOQUEO/HTML (status 200) -> '<!DOCTYPE html><html><head><meta charset="utf-8"><meta name='
2026-06-19 13:44:19    Stooq ZEUS.US: BLOQUEO/HTML (status 200) -> '<!DOCTYPE html><html><head><meta charset="utf-8"><meta name='
2026-06-19 13:44:23    Aviso: faltan datos de acereras en algún grupo; se omite la sección.
2026-06-19 13:44:35  Henry Hub más reciente: $3.06/MMBtu (2026-06-15)
2026-06-19 13:44:35  Peso más reciente: 17.3700 MXN/USD (2026-06-19)
2026-06-19 13:44:35  Inflación YoY más reciente: 4.2% (2026-05-01)
2026-06-19 13:44:35  Excel guardado en: /home/runner/work/Indicators/Indicators/resultados/mercados_reciente.xlsx
2026-06-19 13:44:35  ===== Fin OK =====
2026-06-19 20:53:59  ===== Inicio =====
2026-06-19 20:53:59  Descargando Henry Hub (EIA)...
2026-06-19 20:54:00  Descargando S&P 500 (FRED:SP500)...
2026-06-19 20:54:01  Descargando WTI ($/bbl) (FRED:DCOILWTICO)...
2026-06-19 20:54:02  Descargando Brent ($/bbl) (FRED:DCOILBRENTEU)...
2026-06-19 20:54:02  Descargando divisas (Frankfurter/BCE)...
2026-06-19 20:54:32    Saneando Henry Hub ($/MMBtu): 2 valor(es) fuera de [0.5, 25.0] -> vacío
2026-06-19 20:54:32  Descargando indicadores macro (FRED)...
2026-06-19 20:54:33  Descargando desempleo (FRED:UNRATE)...
2026-06-19 20:54:33  Descargando PIB (FRED:A191RL1Q225SBEA)...
2026-06-19 20:54:34  Descargando acereras (Stooq)...
2026-06-19 20:54:34  Descargando ArcelorMittal (MT.US) [mundial]...
2026-06-19 20:54:34    Stooq MT.US: BLOQUEO/HTML (status 200) -> '<!DOCTYPE html><html><head><meta charset="utf-8"><meta name='
2026-06-19 20:54:36    Stooq MT.US: BLOQUEO/HTML (status 200) -> '<!DOCTYPE html><html><head><meta charset="utf-8"><meta name='
2026-06-19 20:54:40    Stooq MT.US: BLOQUEO/HTML (status 200) -> '<!DOCTYPE html><html><head><meta charset="utf-8"><meta name='
2026-06-19 20:54:45  Descargando Nippon Steel (5401.JP) [mundial]...
2026-06-19 20:54:45    Stooq 5401.JP: BLOQUEO/HTML (status 200) -> '<!DOCTYPE html><html><head><meta charset="utf-8"><meta name='
2026-06-19 20:54:47    Stooq 5401.JP: BLOQUEO/HTML (status 200) -> '<!DOCTYPE html><html><head><meta charset="utf-8"><meta name='
2026-06-19 20:54:50    Stooq 5401.JP: BLOQUEO/HTML (status 200) -> '<!DOCTYPE html><html><head><meta charset="utf-8"><meta name='
2026-06-19 20:54:55  Descargando POSCO (PKX.US) [mundial]...
2026-06-19 20:54:55    Stooq PKX.US: BLOQUEO/HTML (status 200) -> '<!DOCTYPE html><html><head><meta charset="utf-8"><meta name='
2026-06-19 20:54:57    Stooq PKX.US: BLOQUEO/HTML (status 200) -> '<!DOCTYPE html><html><head><meta charset="utf-8"><meta name='
2026-06-19 20:55:01    Stooq PKX.US: BLOQUEO/HTML (status 200) -> '<!DOCTYPE html><html><head><meta charset="utf-8"><meta name='
2026-06-19 20:55:06  Descargando Ternium (TX.US) [mundial]...
2026-06-19 20:55:06    Stooq TX.US: BLOQUEO/HTML (status 200) -> '<!DOCTYPE html><html><head><meta charset="utf-8"><meta name='
2026-06-19 20:55:08    Stooq TX.US: BLOQUEO/HTML (status 200) -> '<!DOCTYPE html><html><head><meta charset="utf-8"><meta name='
2026-06-19 20:55:12    Stooq TX.US: BLOQUEO/HTML (status 200) -> '<!DOCTYPE html><html><head><meta charset="utf-8"><meta name='
2026-06-19 20:55:17  Descargando Gerdau (GGB.US) [mundial]...
2026-06-19 20:55:17    Stooq GGB.US: BLOQUEO/HTML (status 200) -> '<!DOCTYPE html><html><head><meta charset="utf-8"><meta name='
2026-06-19 20:55:19    Stooq GGB.US: BLOQUEO/HTML (status 200) -> '<!DOCTYPE html><html><head><meta charset="utf-8"><meta name='
2026-06-19 20:55:22    Stooq GGB.US: BLOQUEO/HTML (status 200) -> '<!DOCTYPE html><html><head><meta charset="utf-8"><meta name='
2026-06-19 20:55:27  Descargando thyssenkrupp (TKA.DE) [mundial]...
2026-06-19 20:55:27    Stooq TKA.DE: BLOQUEO/HTML (status 200) -> '<!DOCTYPE html><html><head><meta charset="utf-8"><meta name='
2026-06-19 20:55:29    Stooq TKA.DE: BLOQUEO/HTML (status 200) -> '<!DOCTYPE html><html><head><meta charset="utf-8"><meta name='
2026-06-19 20:55:33    Stooq TKA.DE: BLOQUEO/HTML (status 200) -> '<!DOCTYPE html><html><head><meta charset="utf-8"><meta name='
2026-06-19 20:55:38  Descargando Tata Steel (TATASTEEL.IN) [mundial]...
2026-06-19 20:55:38    Stooq TATASTEEL.IN: BLOQUEO/HTML (status 200) -> '<!DOCTYPE html><html><head><meta charset="utf-8"><meta name='
2026-06-19 20:55:40    Stooq TATASTEEL.IN: BLOQUEO/HTML (status 200) -> '<!DOCTYPE html><html><head><meta charset="utf-8"><meta name='
2026-06-19 20:55:44    Stooq TATASTEEL.IN: BLOQUEO/HTML (status 200) -> '<!DOCTYPE html><html><head><meta charset="utf-8"><meta name='
2026-06-19 20:55:49  Descargando JSW Steel (JSWSTEEL.IN) [mundial]...
2026-06-19 20:55:49    Stooq JSWSTEEL.IN: BLOQUEO/HTML (status 200) -> '<!DOCTYPE html><html><head><meta charset="utf-8"><meta name='
2026-06-19 20:55:51    Stooq JSWSTEEL.IN: BLOQUEO/HTML (status 200) -> '<!DOCTYPE html><html><head><meta charset="utf-8"><meta name='
2026-06-19 20:55:55    Stooq JSWSTEEL.IN: BLOQUEO/HTML (status 200) -> '<!DOCTYPE html><html><head><meta charset="utf-8"><meta name='
2026-06-19 20:55:59  Descargando SSAB (SSAB-B.SE) [mundial]...
2026-06-19 20:56:00    Stooq SSAB-B.SE: BLOQUEO/HTML (status 200) -> '<!DOCTYPE html><html><head><meta charset="utf-8"><meta name='
2026-06-19 20:56:02    Stooq SSAB-B.SE: BLOQUEO/HTML (status 200) -> '<!DOCTYPE html><html><head><meta charset="utf-8"><meta name='
2026-06-19 20:56:05    Stooq SSAB-B.SE: BLOQUEO/HTML (status 200) -> '<!DOCTYPE html><html><head><meta charset="utf-8"><meta name='
2026-06-19 20:56:10  Descargando Nucor (NUE.US) [EE.UU.]...
2026-06-19 20:56:10    Stooq NUE.US: BLOQUEO/HTML (status 200) -> '<!DOCTYPE html><html><head><meta charset="utf-8"><meta name='
2026-06-19 20:56:12    Stooq NUE.US: BLOQUEO/HTML (status 200) -> '<!DOCTYPE html><html><head><meta charset="utf-8"><meta name='
2026-06-19 20:56:16    Stooq NUE.US: BLOQUEO/HTML (status 200) -> '<!DOCTYPE html><html><head><meta charset="utf-8"><meta name='
2026-06-19 20:56:20  Descargando Steel Dynamics (STLD.US) [EE.UU.]...
2026-06-19 20:56:21    Stooq STLD.US: BLOQUEO/HTML (status 200) -> '<!DOCTYPE html><html><head><meta charset="utf-8"><meta name='
2026-06-19 20:56:23    Stooq STLD.US: BLOQUEO/HTML (status 200) -> '<!DOCTYPE html><html><head><meta charset="utf-8"><meta name='
2026-06-19 20:56:26    Stooq STLD.US: BLOQUEO/HTML (status 200) -> '<!DOCTYPE html><html><head><meta charset="utf-8"><meta name='
2026-06-19 20:56:31  Descargando Cleveland-Cliffs (CLF.US) [EE.UU.]...
2026-06-19 20:56:31    Stooq CLF.US: BLOQUEO/HTML (status 200) -> '<!DOCTYPE html><html><head><meta charset="utf-8"><meta name='
2026-06-19 20:56:33    Stooq CLF.US: BLOQUEO/HTML (status 200) -> '<!DOCTYPE html><html><head><meta charset="utf-8"><meta name='
2026-06-19 20:56:36    Stooq CLF.US: BLOQUEO/HTML (status 200) -> '<!DOCTYPE html><html><head><meta charset="utf-8"><meta name='
2026-06-19 20:56:41  Descargando U.S. Steel (X.US) [EE.UU.]...
2026-06-19 20:56:41    Stooq X.US: BLOQUEO/HTML (status 200) -> '<!DOCTYPE html><html><head><meta charset="utf-8"><meta name='
2026-06-19 20:56:43    Stooq X.US: BLOQUEO/HTML (status 200) -> '<!DOCTYPE html><html><head><meta charset="utf-8"><meta name='
2026-06-19 20:56:47    Stooq X.US: BLOQUEO/HTML (status 200) -> '<!DOCTYPE html><html><head><meta charset="utf-8"><meta name='
2026-06-19 20:56:51  Descargando Commercial Metals (CMC.US) [EE.UU.]...
2026-06-19 20:56:52    Stooq CMC.US: BLOQUEO/HTML (status 200) -> '<!DOCTYPE html><html><head><meta charset="utf-8"><meta name='
2026-06-19 20:56:54    Stooq CMC.US: BLOQUEO/HTML (status 200) -> '<!DOCTYPE html><html><head><meta charset="utf-8"><meta name='
2026-06-19 20:56:57    Stooq CMC.US: BLOQUEO/HTML (status 200) -> '<!DOCTYPE html><html><head><meta charset="utf-8"><meta name='
2026-06-19 20:57:02  Descargando Reliance (RS.US) [EE.UU.]...
2026-06-19 20:57:02    Stooq RS.US: BLOQUEO/HTML (status 200) -> '<!DOCTYPE html><html><head><meta charset="utf-8"><meta name='
2026-06-19 20:57:04    Stooq RS.US: BLOQUEO/HTML (status 200) -> '<!DOCTYPE html><html><head><meta charset="utf-8"><meta name='
2026-06-19 20:57:08    Stooq RS.US: BLOQUEO/HTML (status 200) -> '<!DOCTYPE html><html><head><meta charset="utf-8"><meta name='
2026-06-19 20:57:12  Descargando Worthington (WOR.US) [EE.UU.]...
2026-06-19 20:57:13    Stooq WOR.US: BLOQUEO/HTML (status 200) -> '<!DOCTYPE html><html><head><meta charset="utf-8"><meta name='
2026-06-19 20:57:15    Stooq WOR.US: BLOQUEO/HTML (status 200) -> '<!DOCTYPE html><html><head><meta charset="utf-8"><meta name='
2026-06-19 20:57:18    Stooq WOR.US: BLOQUEO/HTML (status 200) -> '<!DOCTYPE html><html><head><meta charset="utf-8"><meta name='
2026-06-19 20:57:23  Descargando ATI (ATI.US) [EE.UU.]...
2026-06-19 20:57:23    Stooq ATI.US: BLOQUEO/HTML (status 200) -> '<!DOCTYPE html><html><head><meta charset="utf-8"><meta name='
2026-06-19 20:57:25    Stooq ATI.US: BLOQUEO/HTML (status 200) -> '<!DOCTYPE html><html><head><meta charset="utf-8"><meta name='
2026-06-19 20:57:29    Stooq ATI.US: BLOQUEO/HTML (status 200) -> '<!DOCTYPE html><html><head><meta charset="utf-8"><meta name='
2026-06-19 20:57:33  Descargando Carpenter Technology (CRS.US) [EE.UU.]...
2026-06-19 20:57:33    Stooq CRS.US: BLOQUEO/HTML (status 200) -> '<!DOCTYPE html><html><head><meta charset="utf-8"><meta name='
2026-06-19 20:57:35    Stooq CRS.US: BLOQUEO/HTML (status 200) -> '<!DOCTYPE html><html><head><meta charset="utf-8"><meta name='
2026-06-19 20:57:39    Stooq CRS.US: BLOQUEO/HTML (status 200) -> '<!DOCTYPE html><html><head><meta charset="utf-8"><meta name='
2026-06-19 20:57:43  Descargando Olympic Steel (ZEUS.US) [EE.UU.]...
2026-06-19 20:57:44    Stooq ZEUS.US: BLOQUEO/HTML (status 200) -> '<!DOCTYPE html><html><head><meta charset="utf-8"><meta name='
2026-06-19 20:57:46    Stooq ZEUS.US: BLOQUEO/HTML (status 200) -> '<!DOCTYPE html><html><head><meta charset="utf-8"><meta name='
2026-06-19 20:57:49    Stooq ZEUS.US: BLOQUEO/HTML (status 200) -> '<!DOCTYPE html><html><head><meta charset="utf-8"><meta name='
2026-06-19 20:57:54    Aviso: faltan datos de acereras en algún grupo; se omite la sección.
2026-06-19 20:58:06  Henry Hub más reciente: $3.06/MMBtu (2026-06-15)
2026-06-19 20:58:06  Peso más reciente: 17.3550 MXN/USD (2026-06-19)
2026-06-19 20:58:06  Inflación YoY más reciente: 4.2% (2026-05-01)
2026-06-19 20:58:06  Excel guardado en: /home/runner/work/Indicators/Indicators/resultados/mercados_reciente.xlsx
2026-06-19 20:58:06  ===== Fin OK =====
